2023.09.11 11:13:25 INFO  Started: Metals version 1.0.1 in folders '/Users/jkpancho/Downloads/jkpancho-file-downloader-app' for client Visual Studio Code 1.76.0.[0m
Sep 11, 2023 11:13:25 AM org.flywaydb.core.internal.license.VersionPrinter printVersionOnly
INFO: Flyway Community Edition 9.21.2 by Redgate
Sep 11, 2023 11:13:25 AM org.flywaydb.core.internal.license.VersionPrinter printVersion
INFO: See release notes here: https://rd.gt/416ObMi
Sep 11, 2023 11:13:25 AM org.flywaydb.core.internal.license.VersionPrinter printVersion
INFO: 
Sep 11, 2023 11:13:26 AM org.flywaydb.core.FlywayExecutor execute
INFO: Database: jdbc:h2:file:/Users/jkpancho/Downloads/jkpancho-file-downloader-app/.metals/metals (H2 2.1)
Sep 11, 2023 11:13:26 AM org.flywaydb.core.internal.schemahistory.JdbcTableSchemaHistory allAppliedMigrations
INFO: Schema history table "PUBLIC"."flyway_schema_history" does not exist yet
Sep 11, 2023 11:13:26 AM org.flywaydb.core.internal.command.DbValidate validate
INFO: Successfully validated 4 migrations (execution time 00:00.084s)
Sep 11, 2023 11:13:26 AM org.flywaydb.core.internal.schemahistory.JdbcTableSchemaHistory create
INFO: Creating Schema History table "PUBLIC"."flyway_schema_history" ...
Sep 11, 2023 11:13:27 AM org.flywaydb.core.internal.command.DbMigrate migrateGroup
INFO: Current version of schema "PUBLIC": << Empty Schema >>
Sep 11, 2023 11:13:27 AM org.flywaydb.core.internal.command.DbMigrate doMigrateGroup
INFO: Migrating schema "PUBLIC" to version "1 - Create tables"
Sep 11, 2023 11:13:27 AM org.flywaydb.core.internal.command.DbMigrate doMigrateGroup
INFO: Migrating schema "PUBLIC" to version "2 - Server discovery"
Sep 11, 2023 11:13:27 AM org.flywaydb.core.internal.command.DbMigrate doMigrateGroup
INFO: Migrating schema "PUBLIC" to version "3 - Jar symbols"
Sep 11, 2023 11:13:27 AM org.flywaydb.core.internal.command.DbMigrate doMigrateGroup
INFO: Migrating schema "PUBLIC" to version "4 - Fingerprints"
Sep 11, 2023 11:13:27 AM org.flywaydb.core.internal.command.DbMigrate logSummary
INFO: Successfully applied 4 migrations to schema "PUBLIC", now at version v4 (execution time 00:00.159s)
2023.09.11 11:13:27 INFO  time: initialize in 2.59s[0m
2023.09.11 11:13:29 WARN  Build server is not auto-connectable.[0m
2023.09.11 11:14:18 INFO  running '/usr/local/Cellar/openjdk@8/1.8.0+362/libexec/openjdk.jdk/Contents/Home/bin/java -Djline.terminal=jline.UnsupportedTerminal -Dsbt.log.noformat=true -Dfile.encoding=UTF-8 -jar /var/folders/tw/mj4kmkwx5fs1w388lp1jv8dh0000gp/T/metals1264271980362735817/sbt-launch.jar -Dbloop.export-jar-classifiers=sources bloopInstall'[0m
2023.09.11 11:14:18 WARN  no build target for: /Users/jkpancho/Downloads/jkpancho-file-downloader-app/project/metals.sbt[0m
2023.09.11 11:14:18 WARN  no build target for: /Users/jkpancho/Downloads/jkpancho-file-downloader-app/project/project/metals.sbt[0m
2023.09.11 11:14:18 INFO  skipping build import with status 'Started'[0m
2023.09.11 11:14:24 INFO  [info] welcome to sbt 1.7.2 (Homebrew Java 1.8.0_362)[0m
2023.09.11 11:14:26 INFO  no build target found for /Users/jkpancho/Downloads/jkpancho-file-downloader-app/project/project/metals.sbt. Using presentation compiler with project's scala-library version: 3.3.0[0m
2023.09.11 11:14:35 INFO  [info] loading settings for project jkpancho-file-downloader-app-build-build-build from metals.sbt ...[0m
2023.09.11 11:14:37 INFO  [info] loading project definition from /Users/jkpancho/Downloads/jkpancho-file-downloader-app/project/project/project[0m
2023.09.11 11:14:43 INFO  [info] loading settings for project jkpancho-file-downloader-app-build-build from metals.sbt ...[0m
2023.09.11 11:14:43 INFO  [info] loading project definition from /Users/jkpancho/Downloads/jkpancho-file-downloader-app/project/project[0m
2023.09.11 11:14:48 INFO  [success] Generated .bloop/jkpancho-file-downloader-app-build-build.json[0m
2023.09.11 11:14:48 INFO  [success] Total time: 5 s, completed 09 11, 23 11:14:48 AM[0m
2023.09.11 11:14:51 INFO  [info] loading settings for project jkpancho-file-downloader-app-build from metals.sbt,plugins.sbt ...[0m
2023.09.11 11:14:51 INFO  [info] loading project definition from /Users/jkpancho/Downloads/jkpancho-file-downloader-app/project[0m
2023.09.11 11:14:57 INFO  [success] Generated .bloop/jkpancho-file-downloader-app-build.json[0m
2023.09.11 11:14:57 INFO  [success] Total time: 6 s, completed 09 11, 23 11:14:58 AM[0m
2023.09.11 11:15:04 INFO  [info] loading settings for project root from build.sbt ...[0m
2023.09.11 11:15:04 INFO  [info]   __              __[0m
2023.09.11 11:15:04 INFO  [info]   \ \     ____   / /____ _ __  __[0m
2023.09.11 11:15:04 INFO  [info]    \ \   / __ \ / // __ `// / / /[0m
2023.09.11 11:15:04 INFO  [info]    / /  / /_/ // // /_/ // /_/ /[0m
2023.09.11 11:15:04 INFO  [info]   /_/  / .___//_/ \__,_/ \__, /[0m
2023.09.11 11:15:04 INFO  [info]       /_/               /____/[0m
2023.09.11 11:15:04 INFO  [info] [0m
2023.09.11 11:15:04 INFO  [info] Version 2.8.20 running Java 1.8.0_362[0m
2023.09.11 11:15:04 INFO  [info] [0m
2023.09.11 11:15:04 INFO  [info] Play is run entirely by the community. Please consider contributing and/or donating:[0m
2023.09.11 11:15:04 INFO  [info] https://www.playframework.com/sponsors[0m
2023.09.11 11:15:04 INFO  [info] [0m
2023.09.11 11:15:10 INFO  [success] Generated .bloop/root-test.json[0m
2023.09.11 11:15:10 INFO  [success] Generated .bloop/root.json[0m
2023.09.11 11:15:10 INFO  [success] Total time: 4 s, completed 09 11, 23 11:15:10 AM[0m
2023.09.11 11:15:11 INFO  time: ran 'sbt bloopInstall' in 53s[0m
2023.09.11 11:15:11 INFO  Attempting to connect to the build server...[0m
2023.09.11 11:15:11 INFO  Bloop uses /usr/local/Cellar/openjdk@8/1.8.0+362/libexec/openjdk.jdk/Contents/Home defined at /Users/jkpancho/.bloop/bloop.json[0m
2023.09.11 11:15:11 INFO  tracing is disabled for protocol BSP, to enable tracing of incoming and outgoing JSON messages create an empty file at /Users/jkpancho/Downloads/jkpancho-file-downloader-app/.metals/bsp.trace.json or /Users/jkpancho/Library/Caches/org.scalameta.metals/bsp.trace.json[0m
2023.09.11 11:15:11 INFO  Attempting to connect to the build server...[0m
2023.09.11 11:15:11 INFO  Bloop uses /usr/local/Cellar/openjdk@8/1.8.0+362/libexec/openjdk.jdk/Contents/Home defined at /Users/jkpancho/.bloop/bloop.json[0m
2023.09.11 11:15:11 INFO  Attempting to connect to the build server...[0m
2023.09.11 11:15:11 INFO  Bloop uses /usr/local/Cellar/openjdk@8/1.8.0+362/libexec/openjdk.jdk/Contents/Home defined at /Users/jkpancho/.bloop/bloop.json[0m
2023.09.11 11:15:11 INFO  tracing is disabled for protocol BSP, to enable tracing of incoming and outgoing JSON messages create an empty file at /Users/jkpancho/Downloads/jkpancho-file-downloader-app/project/project/.metals/bsp.trace.json or /Users/jkpancho/Library/Caches/org.scalameta.metals/bsp.trace.json[0m
2023.09.11 11:15:11 INFO  tracing is disabled for protocol BSP, to enable tracing of incoming and outgoing JSON messages create an empty file at /Users/jkpancho/Downloads/jkpancho-file-downloader-app/project/.metals/bsp.trace.json or /Users/jkpancho/Library/Caches/org.scalameta.metals/bsp.trace.json[0m
2023.09.11 11:15:11 INFO  time: Connected to build server in 0.57s[0m
2023.09.11 11:15:11 INFO  Connected to Build server: Bloop v1.5.8[0m
2023.09.11 11:15:11 INFO  time: Imported build in 0.12s[0m
2023.09.11 11:15:30 INFO  time: indexed workspace in 18s[0m
2023.09.11 11:20:01 INFO  compiling root (8 scala sources and 1 java source)[0m
